MSP430 Assembler Unix v4.4.3 Wed Mar 11 11:28:30 2015

Tools Copyright (c) 2003-2015 Texas Instruments Incorporated
debug.asm                                                            PAGE    1

       1            ;******************************************************************************
       2            ;* MSP430 C/C++ Codegen                                           Unix v4.4.3 *
       3            ;* Date/Time created: Wed Mar 11 11:28:30 2015                                *
       4            ;******************************************************************************
       5                    .compiler_opts --abi=eabi --diag_wrap=off --hll_source=on --mem_model:code=large --mem_model:d
       6            
       7            $C$DW$CU        .dwtag  DW_TAG_compile_unit
       8                    .dwattr $C$DW$CU, DW_AT_name("../debug.c")
       9                    .dwattr $C$DW$CU, DW_AT_producer("TI MSP430 C/C++ Codegen Unix v4.4.3 Copyright (c) 2003-2015 
      10                    .dwattr $C$DW$CU, DW_AT_TI_version(0x01)
      11                    .dwattr $C$DW$CU, DW_AT_comp_dir("/work/c1202-firmware/msp430-OTP/Debug")
      12            
      13            $C$DW$1 .dwtag  DW_TAG_subprogram, DW_AT_name("flush")
      14                    .dwattr $C$DW$1, DW_AT_TI_symbol_name("flush")
      15                    .dwattr $C$DW$1, DW_AT_declaration
      16                    .dwattr $C$DW$1, DW_AT_external
      17                    .dwattr $C$DW$1, DW_AT_decl_file("/work/c1202-firmware/msp430-OTP/serial.h")
      18                    .dwattr $C$DW$1, DW_AT_decl_line(0x1f)
      19                    .dwattr $C$DW$1, DW_AT_decl_column(0x06)
      20            $C$DW$2 .dwtag  DW_TAG_formal_parameter
      21                    .dwattr $C$DW$2, DW_AT_type(*$C$DW$T$29)
      22                    .dwendtag $C$DW$1
      23            
      24            
      25            $C$DW$3 .dwtag  DW_TAG_subprogram, DW_AT_name("get_enum")
      26                    .dwattr $C$DW$3, DW_AT_TI_symbol_name("get_enum")
      27                    .dwattr $C$DW$3, DW_AT_type(*$C$DW$T$11)
      28                    .dwattr $C$DW$3, DW_AT_declaration
      29                    .dwattr $C$DW$3, DW_AT_external
      30                    .dwattr $C$DW$3, DW_AT_decl_file("/work/c1202-firmware/msp430-OTP/serial.h")
      31                    .dwattr $C$DW$3, DW_AT_decl_line(0x6c)
      32                    .dwattr $C$DW$3, DW_AT_decl_column(0x0e)
      33            $C$DW$4 .dwtag  DW_TAG_formal_parameter
      34                    .dwattr $C$DW$4, DW_AT_type(*$C$DW$T$29)
      35            $C$DW$5 .dwtag  DW_TAG_formal_parameter
      36                    .dwattr $C$DW$5, DW_AT_type(*$C$DW$T$58)
      37            $C$DW$6 .dwtag  DW_TAG_formal_parameter
      38                    .dwattr $C$DW$6, DW_AT_type(*$C$DW$T$11)
      39                    .dwendtag $C$DW$3
      40            
      41            
      42            $C$DW$7 .dwtag  DW_TAG_subprogram, DW_AT_name("put_cstr")
      43                    .dwattr $C$DW$7, DW_AT_TI_symbol_name("put_cstr")
      44                    .dwattr $C$DW$7, DW_AT_type(*$C$DW$T$11)
      45                    .dwattr $C$DW$7, DW_AT_declaration
      46                    .dwattr $C$DW$7, DW_AT_external
      47                    .dwattr $C$DW$7, DW_AT_decl_file("/work/c1202-firmware/msp430-OTP/serial.h")
      48                    .dwattr $C$DW$7, DW_AT_decl_line(0x71)
      49                    .dwattr $C$DW$7, DW_AT_decl_column(0x0e)
      50            $C$DW$8 .dwtag  DW_TAG_formal_parameter
      51                    .dwattr $C$DW$8, DW_AT_type(*$C$DW$T$57)
      52                    .dwendtag $C$DW$7
      53            
      54            
      55            $C$DW$9 .dwtag  DW_TAG_subprogram, DW_AT_name("WDT_A_resetTimer")
MSP430 Assembler Unix v4.4.3 Wed Mar 11 11:28:30 2015

Tools Copyright (c) 2003-2015 Texas Instruments Incorporated
debug.asm                                                            PAGE    2

      56                    .dwattr $C$DW$9, DW_AT_TI_symbol_name("WDT_A_resetTimer")
      57                    .dwattr $C$DW$9, DW_AT_type(*$C$DW$T$10)
      58                    .dwattr $C$DW$9, DW_AT_declaration
      59                    .dwattr $C$DW$9, DW_AT_external
      60                    .dwattr $C$DW$9, DW_AT_decl_file("../debug.c")
      61                    .dwattr $C$DW$9, DW_AT_decl_line(0x24)
      62                    .dwattr $C$DW$9, DW_AT_decl_column(0x0d)
      63            
      64            $C$DW$10        .dwtag  DW_TAG_subprogram, DW_AT_name("WDT_A_start")
      65                    .dwattr $C$DW$10, DW_AT_TI_symbol_name("WDT_A_start")
      66                    .dwattr $C$DW$10, DW_AT_type(*$C$DW$T$10)
      67                    .dwattr $C$DW$10, DW_AT_declaration
      68                    .dwattr $C$DW$10, DW_AT_external
      69                    .dwattr $C$DW$10, DW_AT_decl_file("../debug.c")
      70                    .dwattr $C$DW$10, DW_AT_decl_line(0x25)
      71                    .dwattr $C$DW$10, DW_AT_decl_column(0x0d)
      72            $C$DW$11        .dwtag  DW_TAG_variable, DW_AT_name("SerialRX")
      73                    .dwattr $C$DW$11, DW_AT_TI_symbol_name("SerialRX")
      74                    .dwattr $C$DW$11, DW_AT_type(*$C$DW$T$28)
      75                    .dwattr $C$DW$11, DW_AT_declaration
      76                    .dwattr $C$DW$11, DW_AT_external
      77                    .dwattr $C$DW$11, DW_AT_decl_file("/work/c1202-firmware/msp430-OTP/debug.h")
      78                    .dwattr $C$DW$11, DW_AT_decl_line(0x10)
      79                    .dwattr $C$DW$11, DW_AT_decl_column(0x12)
      80                    .global dbg_keys
      81 000000               .sect   ".data:dbg_keys", RW
      82                    .clink
      83                    .align  2
      84                    .elfsym dbg_keys,SYM_SIZE(12)
      85 000000       dbg_keys:
      86 000000 0000!         .bits   $C$FSL1,32              ; dbg_keys[0] @ 0
         000002 0000 
      87 000004 0000!         .bits   $C$FSL2,32              ; dbg_keys[1] @ 32
         000006 0000 
      88 000008 0000!         .bits   $C$FSL3,32              ; dbg_keys[2] @ 64
         00000a 0000 
      89            
      90            $C$DW$12        .dwtag  DW_TAG_variable, DW_AT_name("dbg_keys")
      91                    .dwattr $C$DW$12, DW_AT_TI_symbol_name("dbg_keys")
      92                    .dwattr $C$DW$12, DW_AT_location[DW_OP_addr dbg_keys]
      93                    .dwattr $C$DW$12, DW_AT_type(*$C$DW$T$85)
      94                    .dwattr $C$DW$12, DW_AT_external
      95                    .dwattr $C$DW$12, DW_AT_decl_file("../debug.c")
      96                    .dwattr $C$DW$12, DW_AT_decl_line(0x0b)
      97                    .dwattr $C$DW$12, DW_AT_decl_column(0x0d)
      98                    .global dbg_keys_sz
      99 000000               .sect   ".const"
     100                    .align  2
     101                    .elfsym dbg_keys_sz,SYM_SIZE(2)
     102 000000       dbg_keys_sz:
     103 000000 0003          .bits   3,16                    ; dbg_keys_sz @ 0
     104            
     105            $C$DW$13        .dwtag  DW_TAG_variable, DW_AT_name("dbg_keys_sz")
     106                    .dwattr $C$DW$13, DW_AT_TI_symbol_name("dbg_keys_sz")
     107                    .dwattr $C$DW$13, DW_AT_location[DW_OP_addr dbg_keys_sz]
MSP430 Assembler Unix v4.4.3 Wed Mar 11 11:28:30 2015

Tools Copyright (c) 2003-2015 Texas Instruments Incorporated
debug.asm                                                            PAGE    3

     108                    .dwattr $C$DW$13, DW_AT_type(*$C$DW$T$23)
     109                    .dwattr $C$DW$13, DW_AT_external
     110                    .dwattr $C$DW$13, DW_AT_decl_file("../debug.c")
     111                    .dwattr $C$DW$13, DW_AT_decl_line(0x12)
     112                    .dwattr $C$DW$13, DW_AT_decl_column(0x14)
     113            ;       /home/sporty/ti/ccsv6/tools/compiler/ti-cgt-msp430_4.4.3/bin/acpia430 -@/tmp/18226G6bv7k 
     114 000000               .sect   ".text:debug_scan"
     115                    .clink
     116                    .global debug_scan
     117            
     118            $C$DW$14        .dwtag  DW_TAG_subprogram, DW_AT_name("debug_scan")
     119                    .dwattr $C$DW$14, DW_AT_low_pc(debug_scan)
     120                    .dwattr $C$DW$14, DW_AT_high_pc(0x00)
     121                    .dwattr $C$DW$14, DW_AT_TI_symbol_name("debug_scan")
     122                    .dwattr $C$DW$14, DW_AT_external
     123                    .dwattr $C$DW$14, DW_AT_TI_begin_file("../debug.c")
     124                    .dwattr $C$DW$14, DW_AT_TI_begin_line(0x19)
     125                    .dwattr $C$DW$14, DW_AT_TI_begin_column(0x06)
     126                    .dwattr $C$DW$14, DW_AT_decl_file("../debug.c")
     127                    .dwattr $C$DW$14, DW_AT_decl_line(0x19)
     128                    .dwattr $C$DW$14, DW_AT_decl_column(0x06)
     129                    .dwattr $C$DW$14, DW_AT_TI_max_frame_size(0x06)
     130                    .dwpsn  file "../debug.c",line 25,column 19,is_stmt,address debug_scan,isa 0
     131            
     132                    .dwfde $C$DW$CIE, debug_scan
     133            
     134            ;*****************************************************************************
     135            ;* FUNCTION NAME: debug_scan                                                 *
     136            ;*                                                                           *
     137            ;*   Regs Modified     : SP,SR,r11,r12,r13,r14,r15                           *
     138            ;*   Regs Used         : SP,SR,r11,r12,r13,r14,r15                           *
     139            ;*   Local Frame Size  : 0 Args + 2 Auto + 0 Save = 2 byte                   *
     140            ;*****************************************************************************
     141 000000       debug_scan:
     142            ;* --------------------------------------------------------------------------*
     143                    .dwcfi  cfa_offset, 4
     144                    .dwcfi  save_reg_to_mem, 16, -4
     145 000000 03F1          SUBA      #2,SP                 ; [] 
     146                    .dwcfi  cfa_offset, 6
     147            $C$DW$15        .dwtag  DW_TAG_variable, DW_AT_name("enum_input")
     148                    .dwattr $C$DW$15, DW_AT_TI_symbol_name("enum_input")
     149                    .dwattr $C$DW$15, DW_AT_type(*$C$DW$T$11)
     150                    .dwattr $C$DW$15, DW_AT_location[DW_OP_breg1 0]
     151                    .dwpsn  file "../debug.c",line 27,column 5,is_stmt,isa 0
     152 000002 008C!         MOVX.A    #SerialRX+0,r12       ; [] |27| 
         000004 0000 
     153 000006 008D!         MOVX.A    #dbg_keys+0,r13       ; [] |27| 
         000008 0000 
     154 00000a 1840!         MOVX.W    &dbg_keys_sz+0,r14    ; [] |27| 
         00000c 421E 
         00000e 0000 
     155            $C$DW$16        .dwtag  DW_TAG_TI_branch
     156                    .dwattr $C$DW$16, DW_AT_low_pc(0x00)
     157                    .dwattr $C$DW$16, DW_AT_name("get_enum")
     158                    .dwattr $C$DW$16, DW_AT_TI_call
MSP430 Assembler Unix v4.4.3 Wed Mar 11 11:28:30 2015

Tools Copyright (c) 2003-2015 Texas Instruments Incorporated
debug.asm                                                            PAGE    4

     159 000010 13B0!         CALLA     #get_enum             ; [] |27| 
         000012 0000 
     160                                                      ; [] |27| 
     161 000014 4C81          MOV.W     r12,0(SP)             ; [] |27| 
         000016 0000 
     162                    .dwpsn  file "../debug.c",line 28,column 5,is_stmt,isa 0
     163 000018 3C13          JMP       $C$L5                 ; [] |28| 
     164                                                      ; [] |28| 
     165            ;* --------------------------------------------------------------------------*
     166 00001a       $C$L1:    
     167                    .dwpsn  file "../debug.c",line 30,column 12,is_stmt,isa 0
     168 00001a 008C!         MOVX.A    #$C$FSL4+0,r12        ; [] |30| 
         00001c 0000 
     169            $C$DW$17        .dwtag  DW_TAG_TI_branch
     170                    .dwattr $C$DW$17, DW_AT_low_pc(0x00)
     171                    .dwattr $C$DW$17, DW_AT_name("put_cstr")
     172                    .dwattr $C$DW$17, DW_AT_TI_call
     173 00001e 13B0!         CALLA     #put_cstr             ; [] |30| 
         000020 0000 
     174                                                      ; [] |30| 
     175                    .dwpsn  file "../debug.c",line 31,column 11,is_stmt,isa 0
     176 000022 3C15          JMP       $C$L6                 ; [] |31| 
     177                                                      ; [] |31| 
     178            ;* --------------------------------------------------------------------------*
     179            ;* --------------------------------------------------------------------------*
     180 000024       $C$L2:    
     181                    .dwpsn  file "../debug.c",line 36,column 13,is_stmt,isa 0
     182 000024 403C          MOV.W     #336,r12              ; [] |36| 
         000026 0150 
     183            $C$DW$18        .dwtag  DW_TAG_TI_branch
     184                    .dwattr $C$DW$18, DW_AT_low_pc(0x00)
     185                    .dwattr $C$DW$18, DW_AT_name("WDT_A_resetTimer")
     186                    .dwattr $C$DW$18, DW_AT_TI_call
     187 000028 13B0!         CALLA     #WDT_A_resetTimer     ; [] |36| 
         00002a 0000 
     188                                                      ; [] |36| 
     189                    .dwpsn  file "../debug.c",line 37,column 13,is_stmt,isa 0
     190 00002c 403C          MOV.W     #336,r12              ; [] |37| 
         00002e 0150 
     191            $C$DW$19        .dwtag  DW_TAG_TI_branch
     192                    .dwattr $C$DW$19, DW_AT_low_pc(0x00)
     193                    .dwattr $C$DW$19, DW_AT_name("WDT_A_start")
     194                    .dwattr $C$DW$19, DW_AT_TI_call
     195 000030 13B0!         CALLA     #WDT_A_start          ; [] |37| 
         000032 0000 
     196                                                      ; [] |37| 
     197                    .dwpsn  file "../debug.c",line 38,column 19,is_stmt,isa 0
     198            ;* --------------------------------------------------------------------------*
     199            ;*   BEGIN LOOP $C$L3
     200            ;*
     201            ;*   Loop source line                : 38
     202            ;*   Loop closing brace source line  : 38
     203            ;*   Known Minimum Trip Count        : 1
     204            ;*   Known Maximum Trip Count        : 4294967295
     205            ;*   Known Max Trip Count Factor     : 1
MSP430 Assembler Unix v4.4.3 Wed Mar 11 11:28:30 2015

Tools Copyright (c) 2003-2015 Texas Instruments Incorporated
debug.asm                                                            PAGE    5

     206            ;* --------------------------------------------------------------------------*
     207 000034       $C$L3:    
     208 000034 3FFF          JMP       $C$L3                 ; [] |38| 
     209                                                      ; [] |38| 
     210            ;* --------------------------------------------------------------------------*
     211            ;* --------------------------------------------------------------------------*
     212 000036       $C$L4:    
     213                    .dwpsn  file "../debug.c",line 41,column 12,is_stmt,isa 0
     214 000036 008C!         MOVX.A    #$C$FSL5+0,r12        ; [] |41| 
         000038 0000 
     215            $C$DW$20        .dwtag  DW_TAG_TI_branch
     216                    .dwattr $C$DW$20, DW_AT_low_pc(0x00)
     217                    .dwattr $C$DW$20, DW_AT_name("put_cstr")
     218                    .dwattr $C$DW$20, DW_AT_TI_call
     219 00003a 13B0!         CALLA     #put_cstr             ; [] |41| 
         00003c 0000 
     220                                                      ; [] |41| 
     221                    .dwpsn  file "../debug.c",line 43,column 5,is_stmt,isa 0
     222 00003e 3C07          JMP       $C$L6                 ; [] |43| 
     223                                                      ; [] |43| 
     224            ;* --------------------------------------------------------------------------*
     225 000040       $C$L5:    
     226                    .dwpsn  file "../debug.c",line 28,column 5,is_stmt,isa 0
     227 000040 930C          TST.W     r12                   ; [] |28| 
     228 000042 27EB          JEQ       $C$L1                 ; [] |28| 
     229                                                      ; [] |28| 
     230            ;* --------------------------------------------------------------------------*
     231 000044 831C          SUB.W     #1,r12                ; [] |28| 
     232 000046 2403          JEQ       $C$L6                 ; [] |28| 
     233                                                      ; [] |28| 
     234            ;* --------------------------------------------------------------------------*
     235 000048 831C          SUB.W     #1,r12                ; [] |28| 
     236 00004a 27EC          JEQ       $C$L2                 ; [] |28| 
     237                                                      ; [] |28| 
     238            ;* --------------------------------------------------------------------------*
     239 00004c 3FF4          JMP       $C$L4                 ; [] |28| 
     240                                                      ; [] |28| 
     241            ;* --------------------------------------------------------------------------*
     242 00004e       $C$L6:    
     243                    .dwpsn  file "../debug.c",line 44,column 5,is_stmt,isa 0
     244 00004e 008C!         MOVX.A    #SerialRX+0,r12       ; [] |44| 
         000050 0000 
     245            $C$DW$21        .dwtag  DW_TAG_TI_branch
     246                    .dwattr $C$DW$21, DW_AT_low_pc(0x00)
     247                    .dwattr $C$DW$21, DW_AT_name("flush")
     248                    .dwattr $C$DW$21, DW_AT_TI_call
     249 000052 13B0!         CALLA     #flush                ; [] |44| 
         000054 0000 
     250                                                      ; [] |44| 
     251                    .dwpsn  file "../debug.c",line 45,column 5,is_stmt,isa 0
     252 000056 008C!         MOVX.A    #$C$FSL6+0,r12        ; [] |45| 
         000058 0000 
     253            $C$DW$22        .dwtag  DW_TAG_TI_branch
     254                    .dwattr $C$DW$22, DW_AT_low_pc(0x00)
     255                    .dwattr $C$DW$22, DW_AT_name("put_cstr")
MSP430 Assembler Unix v4.4.3 Wed Mar 11 11:28:30 2015

Tools Copyright (c) 2003-2015 Texas Instruments Incorporated
debug.asm                                                            PAGE    6

     256                    .dwattr $C$DW$22, DW_AT_TI_call
     257 00005a 13B0!         CALLA     #put_cstr             ; [] |45| 
         00005c 0000 
     258                                                      ; [] |45| 
     259                    .dwpsn  file "../debug.c",line 46,column 1,is_stmt,isa 0
     260 00005e 03E1          ADDA      #2,SP                 ; [] 
     261                    .dwcfi  cfa_offset, 4
     262            $C$DW$23        .dwtag  DW_TAG_TI_branch
     263                    .dwattr $C$DW$23, DW_AT_low_pc(0x00)
     264                    .dwattr $C$DW$23, DW_AT_TI_return
     265 000060 0110          RETA      ; [] 
     266                    ; [] 
     267                    .dwattr $C$DW$14, DW_AT_TI_end_file("../debug.c")
     268                    .dwattr $C$DW$14, DW_AT_TI_end_line(0x2e)
     269                    .dwattr $C$DW$14, DW_AT_TI_end_column(0x01)
     270                    .dwendentry
     271                    .dwendtag $C$DW$14
     272            
     273            ;******************************************************************************
     274            ;* FAR STRINGS                                                                *
     275            ;******************************************************************************
     276 000000               .sect   ".const:.string"
     277                    .align  2
     278 000000 0076  $C$FSL1:        .string "ver",13,0
         000001 0065 
         000002 0072 
         000003 000D 
         000004 0000 
     279                    .align  2
     280 000006 000D  $C$FSL2:        .string 13,0
         000007 0000 
     281                    .align  2
     282 000008 0072  $C$FSL3:        .string "rst",13,0
         000009 0073 
         00000a 0074 
         00000b 000D 
         00000c 0000 
     283                    .align  2
     284 00000e 0076  $C$FSL4:        .string "v0.0.1",0
         00000f 0030 
         000010 002E 
         000011 0030 
         000012 002E 
         000013 0031 
         000014 0000 
     285                    .align  2
     286 000016 0045  $C$FSL5:        .string "Error",0
         000017 0072 
         000018 0072 
         000019 006F 
         00001a 0072 
         00001b 0000 
     287                    .align  2
     288 00001c 000D  $C$FSL6:        .string 13,10,">",0
         00001d 000A 
MSP430 Assembler Unix v4.4.3 Wed Mar 11 11:28:30 2015

Tools Copyright (c) 2003-2015 Texas Instruments Incorporated
debug.asm                                                            PAGE    7

         00001e 003E 
         00001f 0000 
     289            ;*****************************************************************************
     290            ;* UNDEFINED EXTERNAL REFERENCES                                             *
     291            ;*****************************************************************************
     292                    .global flush
     293                    .global get_enum
     294                    .global put_cstr
     295                    .global WDT_A_resetTimer
     296                    .global WDT_A_start
     297                    .global SerialRX
     298            
     299            ;******************************************************************************
     300            ;* BUILD ATTRIBUTES                                                           *
     301            ;******************************************************************************
     302                    .battr "TI", Tag_File, 1, Tag_LPM_INFO(1)
     303                    .battr "TI", Tag_File, 1, Tag_PORTS_INIT_INFO("012345678901ABCDEFGHIJ0000000000001111100000000
     304                    .battr "TI", Tag_File, 1, Tag_HW_MPY32_INFO(2)
     305                    .battr "TI", Tag_File, 1, Tag_HW_MPY_ISR_INFO(1)
     306                    .battr "TI", Tag_File, 1, Tag_HW_MPY_INLINE_INFO(1)
     307                    .battr "mspabi", Tag_File, 1, Tag_enum_size(2)
     308            
     309            ;******************************************************************************
     310            ;* TYPE INFORMATION                                                           *
     311            ;******************************************************************************
     312            
     313            $C$DW$T$24      .dwtag  DW_TAG_structure_type
     314                    .dwattr $C$DW$T$24, DW_AT_byte_size(0x0c)
     315            $C$DW$24        .dwtag  DW_TAG_member
     316                    .dwattr $C$DW$24, DW_AT_type(*$C$DW$T$21)
     317                    .dwattr $C$DW$24, DW_AT_name("base_ptr")
     318                    .dwattr $C$DW$24, DW_AT_TI_symbol_name("base_ptr")
     319                    .dwattr $C$DW$24, DW_AT_data_member_location[DW_OP_plus_uconst 0x0]
     320                    .dwattr $C$DW$24, DW_AT_accessibility(DW_ACCESS_public)
     321                    .dwattr $C$DW$24, DW_AT_decl_file("/work/c1202-firmware/msp430-OTP/serial.h")
     322                    .dwattr $C$DW$24, DW_AT_decl_line(0x15)
     323                    .dwattr $C$DW$24, DW_AT_decl_column(0x14)
     324            $C$DW$25        .dwtag  DW_TAG_member
     325                    .dwattr $C$DW$25, DW_AT_type(*$C$DW$T$22)
     326                    .dwattr $C$DW$25, DW_AT_name("start_ptr")
     327                    .dwattr $C$DW$25, DW_AT_TI_symbol_name("start_ptr")
     328                    .dwattr $C$DW$25, DW_AT_data_member_location[DW_OP_plus_uconst 0x4]
     329                    .dwattr $C$DW$25, DW_AT_accessibility(DW_ACCESS_public)
     330                    .dwattr $C$DW$25, DW_AT_decl_file("/work/c1202-firmware/msp430-OTP/serial.h")
     331                    .dwattr $C$DW$25, DW_AT_decl_line(0x16)
     332                    .dwattr $C$DW$25, DW_AT_decl_column(0x0e)
     333            $C$DW$26        .dwtag  DW_TAG_member
     334                    .dwattr $C$DW$26, DW_AT_type(*$C$DW$T$23)
     335                    .dwattr $C$DW$26, DW_AT_name("max_len")
     336                    .dwattr $C$DW$26, DW_AT_TI_symbol_name("max_len")
     337                    .dwattr $C$DW$26, DW_AT_data_member_location[DW_OP_plus_uconst 0x8]
     338                    .dwattr $C$DW$26, DW_AT_accessibility(DW_ACCESS_public)
     339                    .dwattr $C$DW$26, DW_AT_decl_file("/work/c1202-firmware/msp430-OTP/serial.h")
     340                    .dwattr $C$DW$26, DW_AT_decl_line(0x17)
     341                    .dwattr $C$DW$26, DW_AT_decl_column(0x18)
MSP430 Assembler Unix v4.4.3 Wed Mar 11 11:28:30 2015

Tools Copyright (c) 2003-2015 Texas Instruments Incorporated
debug.asm                                                            PAGE    8

     342            $C$DW$27        .dwtag  DW_TAG_member
     343                    .dwattr $C$DW$27, DW_AT_type(*$C$DW$T$11)
     344                    .dwattr $C$DW$27, DW_AT_name("len")
     345                    .dwattr $C$DW$27, DW_AT_TI_symbol_name("len")
     346                    .dwattr $C$DW$27, DW_AT_data_member_location[DW_OP_plus_uconst 0xa]
     347                    .dwattr $C$DW$27, DW_AT_accessibility(DW_ACCESS_public)
     348                    .dwattr $C$DW$27, DW_AT_decl_file("/work/c1202-firmware/msp430-OTP/serial.h")
     349                    .dwattr $C$DW$27, DW_AT_decl_line(0x18)
     350                    .dwattr $C$DW$27, DW_AT_decl_column(0x12)
     351                    .dwendtag $C$DW$T$24
     352            
     353                    .dwattr $C$DW$T$24, DW_AT_decl_file("/work/c1202-firmware/msp430-OTP/serial.h")
     354                    .dwattr $C$DW$T$24, DW_AT_decl_line(0x14)
     355                    .dwattr $C$DW$T$24, DW_AT_decl_column(0x10)
     356            $C$DW$T$28      .dwtag  DW_TAG_typedef, DW_AT_name("ui8_array")
     357                    .dwattr $C$DW$T$28, DW_AT_type(*$C$DW$T$24)
     358                    .dwattr $C$DW$T$28, DW_AT_language(DW_LANG_C)
     359                    .dwattr $C$DW$T$28, DW_AT_decl_file("/work/c1202-firmware/msp430-OTP/serial.h")
     360                    .dwattr $C$DW$T$28, DW_AT_decl_line(0x19)
     361                    .dwattr $C$DW$T$28, DW_AT_decl_column(0x03)
     362            $C$DW$T$29      .dwtag  DW_TAG_pointer_type
     363                    .dwattr $C$DW$T$29, DW_AT_type(*$C$DW$T$28)
     364                    .dwattr $C$DW$T$29, DW_AT_address_class(0x14)
     365            
     366            $C$DW$T$25      .dwtag  DW_TAG_structure_type
     367                    .dwattr $C$DW$T$25, DW_AT_byte_size(0x04)
     368            $C$DW$28        .dwtag  DW_TAG_member
     369                    .dwattr $C$DW$28, DW_AT_type(*$C$DW$T$10)
     370                    .dwattr $C$DW$28, DW_AT_name("quot")
     371                    .dwattr $C$DW$28, DW_AT_TI_symbol_name("quot")
     372                    .dwattr $C$DW$28, DW_AT_data_member_location[DW_OP_plus_uconst 0x0]
     373                    .dwattr $C$DW$28, DW_AT_accessibility(DW_ACCESS_public)
     374                    .dwattr $C$DW$28, DW_AT_decl_file("/home/sporty/ti/ccsv6/tools/compiler/ti-cgt-msp430_4.4.3/in
     375                    .dwattr $C$DW$28, DW_AT_decl_line(0x46)
     376                    .dwattr $C$DW$28, DW_AT_decl_column(0x16)
     377            $C$DW$29        .dwtag  DW_TAG_member
     378                    .dwattr $C$DW$29, DW_AT_type(*$C$DW$T$10)
     379                    .dwattr $C$DW$29, DW_AT_name("rem")
     380                    .dwattr $C$DW$29, DW_AT_TI_symbol_name("rem")
     381                    .dwattr $C$DW$29, DW_AT_data_member_location[DW_OP_plus_uconst 0x2]
     382                    .dwattr $C$DW$29, DW_AT_accessibility(DW_ACCESS_public)
     383                    .dwattr $C$DW$29, DW_AT_decl_file("/home/sporty/ti/ccsv6/tools/compiler/ti-cgt-msp430_4.4.3/in
     384                    .dwattr $C$DW$29, DW_AT_decl_line(0x46)
     385                    .dwattr $C$DW$29, DW_AT_decl_column(0x1c)
     386                    .dwendtag $C$DW$T$25
     387            
     388                    .dwattr $C$DW$T$25, DW_AT_decl_file("/home/sporty/ti/ccsv6/tools/compiler/ti-cgt-msp430_4.4.3/
     389                    .dwattr $C$DW$T$25, DW_AT_decl_line(0x46)
     390                    .dwattr $C$DW$T$25, DW_AT_decl_column(0x10)
     391            $C$DW$T$30      .dwtag  DW_TAG_typedef, DW_AT_name("div_t")
     392                    .dwattr $C$DW$T$30, DW_AT_type(*$C$DW$T$25)
     393                    .dwattr $C$DW$T$30, DW_AT_language(DW_LANG_C)
     394                    .dwattr $C$DW$T$30, DW_AT_decl_file("/home/sporty/ti/ccsv6/tools/compiler/ti-cgt-msp430_4.4.3/
     395                    .dwattr $C$DW$T$30, DW_AT_decl_line(0x46)
     396                    .dwattr $C$DW$T$30, DW_AT_decl_column(0x23)
MSP430 Assembler Unix v4.4.3 Wed Mar 11 11:28:30 2015

Tools Copyright (c) 2003-2015 Texas Instruments Incorporated
debug.asm                                                            PAGE    9

     397            
     398            $C$DW$T$26      .dwtag  DW_TAG_structure_type
     399                    .dwattr $C$DW$T$26, DW_AT_byte_size(0x08)
     400            $C$DW$30        .dwtag  DW_TAG_member
     401                    .dwattr $C$DW$30, DW_AT_type(*$C$DW$T$12)
     402                    .dwattr $C$DW$30, DW_AT_name("quot")
     403                    .dwattr $C$DW$30, DW_AT_TI_symbol_name("quot")
     404                    .dwattr $C$DW$30, DW_AT_data_member_location[DW_OP_plus_uconst 0x0]
     405                    .dwattr $C$DW$30, DW_AT_accessibility(DW_ACCESS_public)
     406                    .dwattr $C$DW$30, DW_AT_decl_file("/home/sporty/ti/ccsv6/tools/compiler/ti-cgt-msp430_4.4.3/in
     407                    .dwattr $C$DW$30, DW_AT_decl_line(0x48)
     408                    .dwattr $C$DW$30, DW_AT_decl_column(0x17)
     409            $C$DW$31        .dwtag  DW_TAG_member
     410                    .dwattr $C$DW$31, DW_AT_type(*$C$DW$T$12)
     411                    .dwattr $C$DW$31, DW_AT_name("rem")
     412                    .dwattr $C$DW$31, DW_AT_TI_symbol_name("rem")
     413                    .dwattr $C$DW$31, DW_AT_data_member_location[DW_OP_plus_uconst 0x4]
     414                    .dwattr $C$DW$31, DW_AT_accessibility(DW_ACCESS_public)
     415                    .dwattr $C$DW$31, DW_AT_decl_file("/home/sporty/ti/ccsv6/tools/compiler/ti-cgt-msp430_4.4.3/in
     416                    .dwattr $C$DW$31, DW_AT_decl_line(0x48)
     417                    .dwattr $C$DW$31, DW_AT_decl_column(0x1d)
     418                    .dwendtag $C$DW$T$26
     419            
     420                    .dwattr $C$DW$T$26, DW_AT_decl_file("/home/sporty/ti/ccsv6/tools/compiler/ti-cgt-msp430_4.4.3/
     421                    .dwattr $C$DW$T$26, DW_AT_decl_line(0x48)
     422                    .dwattr $C$DW$T$26, DW_AT_decl_column(0x10)
     423            $C$DW$T$31      .dwtag  DW_TAG_typedef, DW_AT_name("ldiv_t")
     424                    .dwattr $C$DW$T$31, DW_AT_type(*$C$DW$T$26)
     425                    .dwattr $C$DW$T$31, DW_AT_language(DW_LANG_C)
     426                    .dwattr $C$DW$T$31, DW_AT_decl_file("/home/sporty/ti/ccsv6/tools/compiler/ti-cgt-msp430_4.4.3/
     427                    .dwattr $C$DW$T$31, DW_AT_decl_line(0x48)
     428                    .dwattr $C$DW$T$31, DW_AT_decl_column(0x24)
     429            
     430            $C$DW$T$27      .dwtag  DW_TAG_structure_type
     431                    .dwattr $C$DW$T$27, DW_AT_byte_size(0x10)
     432            $C$DW$32        .dwtag  DW_TAG_member
     433                    .dwattr $C$DW$32, DW_AT_type(*$C$DW$T$14)
     434                    .dwattr $C$DW$32, DW_AT_name("quot")
     435                    .dwattr $C$DW$32, DW_AT_TI_symbol_name("quot")
     436                    .dwattr $C$DW$32, DW_AT_data_member_location[DW_OP_plus_uconst 0x0]
     437                    .dwattr $C$DW$32, DW_AT_accessibility(DW_ACCESS_public)
     438                    .dwattr $C$DW$32, DW_AT_decl_file("/home/sporty/ti/ccsv6/tools/compiler/ti-cgt-msp430_4.4.3/in
     439                    .dwattr $C$DW$32, DW_AT_decl_line(0x4b)
     440                    .dwattr $C$DW$32, DW_AT_decl_column(0x1c)
     441            $C$DW$33        .dwtag  DW_TAG_member
     442                    .dwattr $C$DW$33, DW_AT_type(*$C$DW$T$14)
     443                    .dwattr $C$DW$33, DW_AT_name("rem")
     444                    .dwattr $C$DW$33, DW_AT_TI_symbol_name("rem")
     445                    .dwattr $C$DW$33, DW_AT_data_member_location[DW_OP_plus_uconst 0x8]
     446                    .dwattr $C$DW$33, DW_AT_accessibility(DW_ACCESS_public)
     447                    .dwattr $C$DW$33, DW_AT_decl_file("/home/sporty/ti/ccsv6/tools/compiler/ti-cgt-msp430_4.4.3/in
     448                    .dwattr $C$DW$33, DW_AT_decl_line(0x4b)
     449                    .dwattr $C$DW$33, DW_AT_decl_column(0x22)
     450                    .dwendtag $C$DW$T$27
     451            
MSP430 Assembler Unix v4.4.3 Wed Mar 11 11:28:30 2015

Tools Copyright (c) 2003-2015 Texas Instruments Incorporated
debug.asm                                                            PAGE   10

     452                    .dwattr $C$DW$T$27, DW_AT_decl_file("/home/sporty/ti/ccsv6/tools/compiler/ti-cgt-msp430_4.4.3/
     453                    .dwattr $C$DW$T$27, DW_AT_decl_line(0x4b)
     454                    .dwattr $C$DW$T$27, DW_AT_decl_column(0x10)
     455            $C$DW$T$32      .dwtag  DW_TAG_typedef, DW_AT_name("lldiv_t")
     456                    .dwattr $C$DW$T$32, DW_AT_type(*$C$DW$T$27)
     457                    .dwattr $C$DW$T$32, DW_AT_language(DW_LANG_C)
     458                    .dwattr $C$DW$T$32, DW_AT_decl_file("/home/sporty/ti/ccsv6/tools/compiler/ti-cgt-msp430_4.4.3/
     459                    .dwattr $C$DW$T$32, DW_AT_decl_line(0x4b)
     460                    .dwattr $C$DW$T$32, DW_AT_decl_column(0x29)
     461            $C$DW$T$2       .dwtag  DW_TAG_unspecified_type
     462                    .dwattr $C$DW$T$2, DW_AT_name("void")
     463            
     464            $C$DW$T$35      .dwtag  DW_TAG_subroutine_type
     465                    .dwattr $C$DW$T$35, DW_AT_language(DW_LANG_C)
     466            $C$DW$T$36      .dwtag  DW_TAG_pointer_type
     467                    .dwattr $C$DW$T$36, DW_AT_type(*$C$DW$T$35)
     468                    .dwattr $C$DW$T$36, DW_AT_address_class(0x14)
     469            $C$DW$T$37      .dwtag  DW_TAG_typedef, DW_AT_name("__SFR_FARPTR")
     470                    .dwattr $C$DW$T$37, DW_AT_type(*$C$DW$T$36)
     471                    .dwattr $C$DW$T$37, DW_AT_language(DW_LANG_C)
     472                    .dwattr $C$DW$T$37, DW_AT_decl_file("/home/sporty/ti/ccsv6/ccs_base/msp430/include/msp430f5335
     473                    .dwattr $C$DW$T$37, DW_AT_decl_line(0x49)
     474                    .dwattr $C$DW$T$37, DW_AT_decl_column(0x11)
     475            
     476            $C$DW$T$38      .dwtag  DW_TAG_subroutine_type
     477                    .dwattr $C$DW$T$38, DW_AT_language(DW_LANG_C)
     478            $C$DW$T$39      .dwtag  DW_TAG_pointer_type
     479                    .dwattr $C$DW$T$39, DW_AT_type(*$C$DW$T$38)
     480                    .dwattr $C$DW$T$39, DW_AT_address_class(0x14)
     481            $C$DW$T$40      .dwtag  DW_TAG_typedef, DW_AT_name("__TI_atexit_fn")
     482                    .dwattr $C$DW$T$40, DW_AT_type(*$C$DW$T$39)
     483                    .dwattr $C$DW$T$40, DW_AT_language(DW_LANG_C)
     484                    .dwattr $C$DW$T$40, DW_AT_decl_file("/home/sporty/ti/ccsv6/tools/compiler/ti-cgt-msp430_4.4.3/
     485                    .dwattr $C$DW$T$40, DW_AT_decl_line(0x9a)
     486                    .dwattr $C$DW$T$40, DW_AT_decl_column(0x14)
     487            $C$DW$34        .dwtag  DW_TAG_TI_far_type
     488                    .dwattr $C$DW$34, DW_AT_type(*$C$DW$T$2)
     489            $C$DW$T$41      .dwtag  DW_TAG_const_type
     490                    .dwattr $C$DW$T$41, DW_AT_type(*$C$DW$34)
     491            $C$DW$T$42      .dwtag  DW_TAG_pointer_type
     492                    .dwattr $C$DW$T$42, DW_AT_type(*$C$DW$T$41)
     493                    .dwattr $C$DW$T$42, DW_AT_address_class(0x14)
     494            $C$DW$T$4       .dwtag  DW_TAG_base_type
     495                    .dwattr $C$DW$T$4, DW_AT_encoding(DW_ATE_boolean)
     496                    .dwattr $C$DW$T$4, DW_AT_name("bool")
     497                    .dwattr $C$DW$T$4, DW_AT_byte_size(0x01)
     498            $C$DW$T$5       .dwtag  DW_TAG_base_type
     499                    .dwattr $C$DW$T$5, DW_AT_encoding(DW_ATE_signed_char)
     500                    .dwattr $C$DW$T$5, DW_AT_name("signed char")
     501                    .dwattr $C$DW$T$5, DW_AT_byte_size(0x01)
     502            $C$DW$T$43      .dwtag  DW_TAG_typedef, DW_AT_name("int8_t")
     503                    .dwattr $C$DW$T$43, DW_AT_type(*$C$DW$T$5)
     504                    .dwattr $C$DW$T$43, DW_AT_language(DW_LANG_C)
     505                    .dwattr $C$DW$T$43, DW_AT_decl_file("/home/sporty/ti/ccsv6/tools/compiler/ti-cgt-msp430_4.4.3/
     506                    .dwattr $C$DW$T$43, DW_AT_decl_line(0x2a)
MSP430 Assembler Unix v4.4.3 Wed Mar 11 11:28:30 2015

Tools Copyright (c) 2003-2015 Texas Instruments Incorporated
debug.asm                                                            PAGE   11

     507                    .dwattr $C$DW$T$43, DW_AT_decl_column(0x1e)
     508            $C$DW$T$44      .dwtag  DW_TAG_typedef, DW_AT_name("int_least8_t")
     509                    .dwattr $C$DW$T$44, DW_AT_type(*$C$DW$T$43)
     510                    .dwattr $C$DW$T$44, DW_AT_language(DW_LANG_C)
     511                    .dwattr $C$DW$T$44, DW_AT_decl_file("/home/sporty/ti/ccsv6/tools/compiler/ti-cgt-msp430_4.4.3/
     512                    .dwattr $C$DW$T$44, DW_AT_decl_line(0x37)
     513                    .dwattr $C$DW$T$44, DW_AT_decl_column(0x17)
     514            $C$DW$T$6       .dwtag  DW_TAG_base_type
     515                    .dwattr $C$DW$T$6, DW_AT_encoding(DW_ATE_unsigned_char)
     516                    .dwattr $C$DW$T$6, DW_AT_name("unsigned char")
     517                    .dwattr $C$DW$T$6, DW_AT_byte_size(0x01)
     518            $C$DW$T$19      .dwtag  DW_TAG_typedef, DW_AT_name("uint8_t")
     519                    .dwattr $C$DW$T$19, DW_AT_type(*$C$DW$T$6)
     520                    .dwattr $C$DW$T$19, DW_AT_language(DW_LANG_C)
     521                    .dwattr $C$DW$T$19, DW_AT_decl_file("/home/sporty/ti/ccsv6/tools/compiler/ti-cgt-msp430_4.4.3/
     522                    .dwattr $C$DW$T$19, DW_AT_decl_line(0x2b)
     523                    .dwattr $C$DW$T$19, DW_AT_decl_column(0x1d)
     524            $C$DW$T$22      .dwtag  DW_TAG_pointer_type
     525                    .dwattr $C$DW$T$22, DW_AT_type(*$C$DW$T$19)
     526                    .dwattr $C$DW$T$22, DW_AT_address_class(0x14)
     527            $C$DW$35        .dwtag  DW_TAG_TI_far_type
     528                    .dwattr $C$DW$35, DW_AT_type(*$C$DW$T$19)
     529            $C$DW$T$20      .dwtag  DW_TAG_const_type
     530                    .dwattr $C$DW$T$20, DW_AT_type(*$C$DW$35)
     531            $C$DW$T$21      .dwtag  DW_TAG_pointer_type
     532                    .dwattr $C$DW$T$21, DW_AT_type(*$C$DW$T$20)
     533                    .dwattr $C$DW$T$21, DW_AT_address_class(0x14)
     534            $C$DW$T$45      .dwtag  DW_TAG_typedef, DW_AT_name("uint_least8_t")
     535                    .dwattr $C$DW$T$45, DW_AT_type(*$C$DW$T$19)
     536                    .dwattr $C$DW$T$45, DW_AT_language(DW_LANG_C)
     537                    .dwattr $C$DW$T$45, DW_AT_decl_file("/home/sporty/ti/ccsv6/tools/compiler/ti-cgt-msp430_4.4.3/
     538                    .dwattr $C$DW$T$45, DW_AT_decl_line(0x38)
     539                    .dwattr $C$DW$T$45, DW_AT_decl_column(0x16)
     540            $C$DW$T$7       .dwtag  DW_TAG_base_type
     541                    .dwattr $C$DW$T$7, DW_AT_encoding(DW_ATE_signed_char)
     542                    .dwattr $C$DW$T$7, DW_AT_name("wchar_t")
     543                    .dwattr $C$DW$T$7, DW_AT_byte_size(0x02)
     544            $C$DW$T$8       .dwtag  DW_TAG_base_type
     545                    .dwattr $C$DW$T$8, DW_AT_encoding(DW_ATE_signed)
     546                    .dwattr $C$DW$T$8, DW_AT_name("short")
     547                    .dwattr $C$DW$T$8, DW_AT_byte_size(0x02)
     548            $C$DW$T$9       .dwtag  DW_TAG_base_type
     549                    .dwattr $C$DW$T$9, DW_AT_encoding(DW_ATE_unsigned)
     550                    .dwattr $C$DW$T$9, DW_AT_name("unsigned short")
     551                    .dwattr $C$DW$T$9, DW_AT_byte_size(0x02)
     552            $C$DW$T$10      .dwtag  DW_TAG_base_type
     553                    .dwattr $C$DW$T$10, DW_AT_encoding(DW_ATE_signed)
     554                    .dwattr $C$DW$T$10, DW_AT_name("int")
     555                    .dwattr $C$DW$T$10, DW_AT_byte_size(0x02)
     556            
     557            $C$DW$T$48      .dwtag  DW_TAG_subroutine_type
     558                    .dwattr $C$DW$T$48, DW_AT_type(*$C$DW$T$10)
     559                    .dwattr $C$DW$T$48, DW_AT_language(DW_LANG_C)
     560            $C$DW$36        .dwtag  DW_TAG_formal_parameter
     561                    .dwattr $C$DW$36, DW_AT_type(*$C$DW$T$42)
MSP430 Assembler Unix v4.4.3 Wed Mar 11 11:28:30 2015

Tools Copyright (c) 2003-2015 Texas Instruments Incorporated
debug.asm                                                            PAGE   12

     562            $C$DW$37        .dwtag  DW_TAG_formal_parameter
     563                    .dwattr $C$DW$37, DW_AT_type(*$C$DW$T$42)
     564                    .dwendtag $C$DW$T$48
     565            
     566            $C$DW$T$49      .dwtag  DW_TAG_pointer_type
     567                    .dwattr $C$DW$T$49, DW_AT_type(*$C$DW$T$48)
     568                    .dwattr $C$DW$T$49, DW_AT_address_class(0x14)
     569            $C$DW$T$50      .dwtag  DW_TAG_typedef, DW_AT_name("__TI_compar_fn")
     570                    .dwattr $C$DW$T$50, DW_AT_type(*$C$DW$T$49)
     571                    .dwattr $C$DW$T$50, DW_AT_language(DW_LANG_C)
     572                    .dwattr $C$DW$T$50, DW_AT_decl_file("/home/sporty/ti/ccsv6/tools/compiler/ti-cgt-msp430_4.4.3/
     573                    .dwattr $C$DW$T$50, DW_AT_decl_line(0x9d)
     574                    .dwattr $C$DW$T$50, DW_AT_decl_column(0x13)
     575            $C$DW$T$51      .dwtag  DW_TAG_typedef, DW_AT_name("int16_t")
     576                    .dwattr $C$DW$T$51, DW_AT_type(*$C$DW$T$10)
     577                    .dwattr $C$DW$T$51, DW_AT_language(DW_LANG_C)
     578                    .dwattr $C$DW$T$51, DW_AT_decl_file("/home/sporty/ti/ccsv6/tools/compiler/ti-cgt-msp430_4.4.3/
     579                    .dwattr $C$DW$T$51, DW_AT_decl_line(0x2c)
     580                    .dwattr $C$DW$T$51, DW_AT_decl_column(0x1d)
     581            $C$DW$T$52      .dwtag  DW_TAG_typedef, DW_AT_name("int_fast16_t")
     582                    .dwattr $C$DW$T$52, DW_AT_type(*$C$DW$T$51)
     583                    .dwattr $C$DW$T$52, DW_AT_language(DW_LANG_C)
     584                    .dwattr $C$DW$T$52, DW_AT_decl_file("/home/sporty/ti/ccsv6/tools/compiler/ti-cgt-msp430_4.4.3/
     585                    .dwattr $C$DW$T$52, DW_AT_decl_line(0x47)
     586                    .dwattr $C$DW$T$52, DW_AT_decl_column(0x17)
     587            $C$DW$T$53      .dwtag  DW_TAG_typedef, DW_AT_name("int_fast8_t")
     588                    .dwattr $C$DW$T$53, DW_AT_type(*$C$DW$T$51)
     589                    .dwattr $C$DW$T$53, DW_AT_language(DW_LANG_C)
     590                    .dwattr $C$DW$T$53, DW_AT_decl_file("/home/sporty/ti/ccsv6/tools/compiler/ti-cgt-msp430_4.4.3/
     591                    .dwattr $C$DW$T$53, DW_AT_decl_line(0x45)
     592                    .dwattr $C$DW$T$53, DW_AT_decl_column(0x17)
     593            $C$DW$T$54      .dwtag  DW_TAG_typedef, DW_AT_name("int_least16_t")
     594                    .dwattr $C$DW$T$54, DW_AT_type(*$C$DW$T$51)
     595                    .dwattr $C$DW$T$54, DW_AT_language(DW_LANG_C)
     596                    .dwattr $C$DW$T$54, DW_AT_decl_file("/home/sporty/ti/ccsv6/tools/compiler/ti-cgt-msp430_4.4.3/
     597                    .dwattr $C$DW$T$54, DW_AT_decl_line(0x3a)
     598                    .dwattr $C$DW$T$54, DW_AT_decl_column(0x17)
     599            $C$DW$T$11      .dwtag  DW_TAG_base_type
     600                    .dwattr $C$DW$T$11, DW_AT_encoding(DW_ATE_unsigned)
     601                    .dwattr $C$DW$T$11, DW_AT_name("unsigned int")
     602                    .dwattr $C$DW$T$11, DW_AT_byte_size(0x02)
     603            $C$DW$38        .dwtag  DW_TAG_TI_far_type
     604                    .dwattr $C$DW$38, DW_AT_type(*$C$DW$T$11)
     605            $C$DW$T$23      .dwtag  DW_TAG_const_type
     606                    .dwattr $C$DW$T$23, DW_AT_type(*$C$DW$38)
     607            $C$DW$T$63      .dwtag  DW_TAG_typedef, DW_AT_name("uint16_t")
     608                    .dwattr $C$DW$T$63, DW_AT_type(*$C$DW$T$11)
     609                    .dwattr $C$DW$T$63, DW_AT_language(DW_LANG_C)
     610                    .dwattr $C$DW$T$63, DW_AT_decl_file("/home/sporty/ti/ccsv6/tools/compiler/ti-cgt-msp430_4.4.3/
     611                    .dwattr $C$DW$T$63, DW_AT_decl_line(0x2d)
     612                    .dwattr $C$DW$T$63, DW_AT_decl_column(0x1c)
     613            $C$DW$T$64      .dwtag  DW_TAG_typedef, DW_AT_name("uint_fast16_t")
     614                    .dwattr $C$DW$T$64, DW_AT_type(*$C$DW$T$63)
     615                    .dwattr $C$DW$T$64, DW_AT_language(DW_LANG_C)
     616                    .dwattr $C$DW$T$64, DW_AT_decl_file("/home/sporty/ti/ccsv6/tools/compiler/ti-cgt-msp430_4.4.3/
MSP430 Assembler Unix v4.4.3 Wed Mar 11 11:28:30 2015

Tools Copyright (c) 2003-2015 Texas Instruments Incorporated
debug.asm                                                            PAGE   13

     617                    .dwattr $C$DW$T$64, DW_AT_decl_line(0x48)
     618                    .dwattr $C$DW$T$64, DW_AT_decl_column(0x16)
     619            $C$DW$T$65      .dwtag  DW_TAG_typedef, DW_AT_name("uint_fast8_t")
     620                    .dwattr $C$DW$T$65, DW_AT_type(*$C$DW$T$63)
     621                    .dwattr $C$DW$T$65, DW_AT_language(DW_LANG_C)
     622                    .dwattr $C$DW$T$65, DW_AT_decl_file("/home/sporty/ti/ccsv6/tools/compiler/ti-cgt-msp430_4.4.3/
     623                    .dwattr $C$DW$T$65, DW_AT_decl_line(0x46)
     624                    .dwattr $C$DW$T$65, DW_AT_decl_column(0x16)
     625            $C$DW$T$66      .dwtag  DW_TAG_typedef, DW_AT_name("uint_least16_t")
     626                    .dwattr $C$DW$T$66, DW_AT_type(*$C$DW$T$63)
     627                    .dwattr $C$DW$T$66, DW_AT_language(DW_LANG_C)
     628                    .dwattr $C$DW$T$66, DW_AT_decl_file("/home/sporty/ti/ccsv6/tools/compiler/ti-cgt-msp430_4.4.3/
     629                    .dwattr $C$DW$T$66, DW_AT_decl_line(0x3b)
     630                    .dwattr $C$DW$T$66, DW_AT_decl_column(0x16)
     631            $C$DW$T$67      .dwtag  DW_TAG_typedef, DW_AT_name("wchar_t")
     632                    .dwattr $C$DW$T$67, DW_AT_type(*$C$DW$T$11)
     633                    .dwattr $C$DW$T$67, DW_AT_language(DW_LANG_C)
     634                    .dwattr $C$DW$T$67, DW_AT_decl_file("/home/sporty/ti/ccsv6/tools/compiler/ti-cgt-msp430_4.4.3/
     635                    .dwattr $C$DW$T$67, DW_AT_decl_line(0x5d)
     636                    .dwattr $C$DW$T$67, DW_AT_decl_column(0x1a)
     637            $C$DW$T$12      .dwtag  DW_TAG_base_type
     638                    .dwattr $C$DW$T$12, DW_AT_encoding(DW_ATE_signed)
     639                    .dwattr $C$DW$T$12, DW_AT_name("long")
     640                    .dwattr $C$DW$T$12, DW_AT_byte_size(0x04)
     641            $C$DW$T$68      .dwtag  DW_TAG_typedef, DW_AT_name("int32_t")
     642                    .dwattr $C$DW$T$68, DW_AT_type(*$C$DW$T$12)
     643                    .dwattr $C$DW$T$68, DW_AT_language(DW_LANG_C)
     644                    .dwattr $C$DW$T$68, DW_AT_decl_file("/home/sporty/ti/ccsv6/tools/compiler/ti-cgt-msp430_4.4.3/
     645                    .dwattr $C$DW$T$68, DW_AT_decl_line(0x2e)
     646                    .dwattr $C$DW$T$68, DW_AT_decl_column(0x1d)
     647            $C$DW$T$69      .dwtag  DW_TAG_typedef, DW_AT_name("int_fast32_t")
     648                    .dwattr $C$DW$T$69, DW_AT_type(*$C$DW$T$68)
     649                    .dwattr $C$DW$T$69, DW_AT_language(DW_LANG_C)
     650                    .dwattr $C$DW$T$69, DW_AT_decl_file("/home/sporty/ti/ccsv6/tools/compiler/ti-cgt-msp430_4.4.3/
     651                    .dwattr $C$DW$T$69, DW_AT_decl_line(0x4a)
     652                    .dwattr $C$DW$T$69, DW_AT_decl_column(0x17)
     653            $C$DW$T$70      .dwtag  DW_TAG_typedef, DW_AT_name("int_least32_t")
     654                    .dwattr $C$DW$T$70, DW_AT_type(*$C$DW$T$68)
     655                    .dwattr $C$DW$T$70, DW_AT_language(DW_LANG_C)
     656                    .dwattr $C$DW$T$70, DW_AT_decl_file("/home/sporty/ti/ccsv6/tools/compiler/ti-cgt-msp430_4.4.3/
     657                    .dwattr $C$DW$T$70, DW_AT_decl_line(0x3c)
     658                    .dwattr $C$DW$T$70, DW_AT_decl_column(0x17)
     659            $C$DW$T$71      .dwtag  DW_TAG_typedef, DW_AT_name("intptr_t")
     660                    .dwattr $C$DW$T$71, DW_AT_type(*$C$DW$T$12)
     661                    .dwattr $C$DW$T$71, DW_AT_language(DW_LANG_C)
     662                    .dwattr $C$DW$T$71, DW_AT_decl_file("/home/sporty/ti/ccsv6/tools/compiler/ti-cgt-msp430_4.4.3/
     663                    .dwattr $C$DW$T$71, DW_AT_decl_line(0x53)
     664                    .dwattr $C$DW$T$71, DW_AT_decl_column(0x1b)
     665            $C$DW$T$13      .dwtag  DW_TAG_base_type
     666                    .dwattr $C$DW$T$13, DW_AT_encoding(DW_ATE_unsigned)
     667                    .dwattr $C$DW$T$13, DW_AT_name("unsigned long")
     668                    .dwattr $C$DW$T$13, DW_AT_byte_size(0x04)
     669            $C$DW$T$72      .dwtag  DW_TAG_typedef, DW_AT_name("size_t")
     670                    .dwattr $C$DW$T$72, DW_AT_type(*$C$DW$T$13)
     671                    .dwattr $C$DW$T$72, DW_AT_language(DW_LANG_C)
MSP430 Assembler Unix v4.4.3 Wed Mar 11 11:28:30 2015

Tools Copyright (c) 2003-2015 Texas Instruments Incorporated
debug.asm                                                            PAGE   14

     672                    .dwattr $C$DW$T$72, DW_AT_decl_file("/home/sporty/ti/ccsv6/tools/compiler/ti-cgt-msp430_4.4.3/
     673                    .dwattr $C$DW$T$72, DW_AT_decl_line(0x57)
     674                    .dwattr $C$DW$T$72, DW_AT_decl_column(0x19)
     675            $C$DW$T$73      .dwtag  DW_TAG_typedef, DW_AT_name("uint32_t")
     676                    .dwattr $C$DW$T$73, DW_AT_type(*$C$DW$T$13)
     677                    .dwattr $C$DW$T$73, DW_AT_language(DW_LANG_C)
     678                    .dwattr $C$DW$T$73, DW_AT_decl_file("/home/sporty/ti/ccsv6/tools/compiler/ti-cgt-msp430_4.4.3/
     679                    .dwattr $C$DW$T$73, DW_AT_decl_line(0x2f)
     680                    .dwattr $C$DW$T$73, DW_AT_decl_column(0x1c)
     681            $C$DW$T$74      .dwtag  DW_TAG_typedef, DW_AT_name("uint_fast32_t")
     682                    .dwattr $C$DW$T$74, DW_AT_type(*$C$DW$T$73)
     683                    .dwattr $C$DW$T$74, DW_AT_language(DW_LANG_C)
     684                    .dwattr $C$DW$T$74, DW_AT_decl_file("/home/sporty/ti/ccsv6/tools/compiler/ti-cgt-msp430_4.4.3/
     685                    .dwattr $C$DW$T$74, DW_AT_decl_line(0x4b)
     686                    .dwattr $C$DW$T$74, DW_AT_decl_column(0x16)
     687            $C$DW$T$75      .dwtag  DW_TAG_typedef, DW_AT_name("uint_least32_t")
     688                    .dwattr $C$DW$T$75, DW_AT_type(*$C$DW$T$73)
     689                    .dwattr $C$DW$T$75, DW_AT_language(DW_LANG_C)
     690                    .dwattr $C$DW$T$75, DW_AT_decl_file("/home/sporty/ti/ccsv6/tools/compiler/ti-cgt-msp430_4.4.3/
     691                    .dwattr $C$DW$T$75, DW_AT_decl_line(0x3d)
     692                    .dwattr $C$DW$T$75, DW_AT_decl_column(0x16)
     693            $C$DW$T$76      .dwtag  DW_TAG_typedef, DW_AT_name("uintptr_t")
     694                    .dwattr $C$DW$T$76, DW_AT_type(*$C$DW$T$13)
     695                    .dwattr $C$DW$T$76, DW_AT_language(DW_LANG_C)
     696                    .dwattr $C$DW$T$76, DW_AT_decl_file("/home/sporty/ti/ccsv6/tools/compiler/ti-cgt-msp430_4.4.3/
     697                    .dwattr $C$DW$T$76, DW_AT_decl_line(0x54)
     698                    .dwattr $C$DW$T$76, DW_AT_decl_column(0x1b)
     699            $C$DW$T$14      .dwtag  DW_TAG_base_type
     700                    .dwattr $C$DW$T$14, DW_AT_encoding(DW_ATE_signed)
     701                    .dwattr $C$DW$T$14, DW_AT_name("long long")
     702                    .dwattr $C$DW$T$14, DW_AT_byte_size(0x08)
     703            $C$DW$T$77      .dwtag  DW_TAG_typedef, DW_AT_name("int64_t")
     704                    .dwattr $C$DW$T$77, DW_AT_type(*$C$DW$T$14)
     705                    .dwattr $C$DW$T$77, DW_AT_language(DW_LANG_C)
     706                    .dwattr $C$DW$T$77, DW_AT_decl_file("/home/sporty/ti/ccsv6/tools/compiler/ti-cgt-msp430_4.4.3/
     707                    .dwattr $C$DW$T$77, DW_AT_decl_line(0x32)
     708                    .dwattr $C$DW$T$77, DW_AT_decl_column(0x21)
     709            $C$DW$T$78      .dwtag  DW_TAG_typedef, DW_AT_name("int_fast64_t")
     710                    .dwattr $C$DW$T$78, DW_AT_type(*$C$DW$T$77)
     711                    .dwattr $C$DW$T$78, DW_AT_language(DW_LANG_C)
     712                    .dwattr $C$DW$T$78, DW_AT_decl_file("/home/sporty/ti/ccsv6/tools/compiler/ti-cgt-msp430_4.4.3/
     713                    .dwattr $C$DW$T$78, DW_AT_decl_line(0x4e)
     714                    .dwattr $C$DW$T$78, DW_AT_decl_column(0x17)
     715            $C$DW$T$79      .dwtag  DW_TAG_typedef, DW_AT_name("int_least64_t")
     716                    .dwattr $C$DW$T$79, DW_AT_type(*$C$DW$T$77)
     717                    .dwattr $C$DW$T$79, DW_AT_language(DW_LANG_C)
     718                    .dwattr $C$DW$T$79, DW_AT_decl_file("/home/sporty/ti/ccsv6/tools/compiler/ti-cgt-msp430_4.4.3/
     719                    .dwattr $C$DW$T$79, DW_AT_decl_line(0x40)
     720                    .dwattr $C$DW$T$79, DW_AT_decl_column(0x17)
     721            $C$DW$T$80      .dwtag  DW_TAG_typedef, DW_AT_name("intmax_t")
     722                    .dwattr $C$DW$T$80, DW_AT_type(*$C$DW$T$14)
     723                    .dwattr $C$DW$T$80, DW_AT_language(DW_LANG_C)
     724                    .dwattr $C$DW$T$80, DW_AT_decl_file("/home/sporty/ti/ccsv6/tools/compiler/ti-cgt-msp430_4.4.3/
     725                    .dwattr $C$DW$T$80, DW_AT_decl_line(0x5b)
     726                    .dwattr $C$DW$T$80, DW_AT_decl_column(0x20)
MSP430 Assembler Unix v4.4.3 Wed Mar 11 11:28:30 2015

Tools Copyright (c) 2003-2015 Texas Instruments Incorporated
debug.asm                                                            PAGE   15

     727            $C$DW$T$15      .dwtag  DW_TAG_base_type
     728                    .dwattr $C$DW$T$15, DW_AT_encoding(DW_ATE_unsigned)
     729                    .dwattr $C$DW$T$15, DW_AT_name("unsigned long long")
     730                    .dwattr $C$DW$T$15, DW_AT_byte_size(0x08)
     731            $C$DW$T$81      .dwtag  DW_TAG_typedef, DW_AT_name("uint64_t")
     732                    .dwattr $C$DW$T$81, DW_AT_type(*$C$DW$T$15)
     733                    .dwattr $C$DW$T$81, DW_AT_language(DW_LANG_C)
     734                    .dwattr $C$DW$T$81, DW_AT_decl_file("/home/sporty/ti/ccsv6/tools/compiler/ti-cgt-msp430_4.4.3/
     735                    .dwattr $C$DW$T$81, DW_AT_decl_line(0x33)
     736                    .dwattr $C$DW$T$81, DW_AT_decl_column(0x20)
     737            $C$DW$T$82      .dwtag  DW_TAG_typedef, DW_AT_name("uint_fast64_t")
     738                    .dwattr $C$DW$T$82, DW_AT_type(*$C$DW$T$81)
     739                    .dwattr $C$DW$T$82, DW_AT_language(DW_LANG_C)
     740                    .dwattr $C$DW$T$82, DW_AT_decl_file("/home/sporty/ti/ccsv6/tools/compiler/ti-cgt-msp430_4.4.3/
     741                    .dwattr $C$DW$T$82, DW_AT_decl_line(0x4f)
     742                    .dwattr $C$DW$T$82, DW_AT_decl_column(0x16)
     743            $C$DW$T$83      .dwtag  DW_TAG_typedef, DW_AT_name("uint_least64_t")
     744                    .dwattr $C$DW$T$83, DW_AT_type(*$C$DW$T$81)
     745                    .dwattr $C$DW$T$83, DW_AT_language(DW_LANG_C)
     746                    .dwattr $C$DW$T$83, DW_AT_decl_file("/home/sporty/ti/ccsv6/tools/compiler/ti-cgt-msp430_4.4.3/
     747                    .dwattr $C$DW$T$83, DW_AT_decl_line(0x41)
     748                    .dwattr $C$DW$T$83, DW_AT_decl_column(0x16)
     749            $C$DW$T$84      .dwtag  DW_TAG_typedef, DW_AT_name("uintmax_t")
     750                    .dwattr $C$DW$T$84, DW_AT_type(*$C$DW$T$15)
     751                    .dwattr $C$DW$T$84, DW_AT_language(DW_LANG_C)
     752                    .dwattr $C$DW$T$84, DW_AT_decl_file("/home/sporty/ti/ccsv6/tools/compiler/ti-cgt-msp430_4.4.3/
     753                    .dwattr $C$DW$T$84, DW_AT_decl_line(0x5c)
     754                    .dwattr $C$DW$T$84, DW_AT_decl_column(0x20)
     755            $C$DW$T$16      .dwtag  DW_TAG_base_type
     756                    .dwattr $C$DW$T$16, DW_AT_encoding(DW_ATE_float)
     757                    .dwattr $C$DW$T$16, DW_AT_name("float")
     758                    .dwattr $C$DW$T$16, DW_AT_byte_size(0x04)
     759            $C$DW$T$17      .dwtag  DW_TAG_base_type
     760                    .dwattr $C$DW$T$17, DW_AT_encoding(DW_ATE_float)
     761                    .dwattr $C$DW$T$17, DW_AT_name("double")
     762                    .dwattr $C$DW$T$17, DW_AT_byte_size(0x08)
     763            $C$DW$T$18      .dwtag  DW_TAG_base_type
     764                    .dwattr $C$DW$T$18, DW_AT_encoding(DW_ATE_float)
     765                    .dwattr $C$DW$T$18, DW_AT_name("long double")
     766                    .dwattr $C$DW$T$18, DW_AT_byte_size(0x08)
     767            $C$DW$39        .dwtag  DW_TAG_TI_far_type
     768                    .dwattr $C$DW$39, DW_AT_type(*$C$DW$T$6)
     769            $C$DW$T$56      .dwtag  DW_TAG_const_type
     770                    .dwattr $C$DW$T$56, DW_AT_type(*$C$DW$39)
     771            $C$DW$T$57      .dwtag  DW_TAG_pointer_type
     772                    .dwattr $C$DW$T$57, DW_AT_type(*$C$DW$T$56)
     773                    .dwattr $C$DW$T$57, DW_AT_address_class(0x14)
     774            $C$DW$T$58      .dwtag  DW_TAG_pointer_type
     775                    .dwattr $C$DW$T$58, DW_AT_type(*$C$DW$T$57)
     776                    .dwattr $C$DW$T$58, DW_AT_address_class(0x14)
     777            
     778            $C$DW$T$85      .dwtag  DW_TAG_array_type
     779                    .dwattr $C$DW$T$85, DW_AT_type(*$C$DW$T$57)
     780                    .dwattr $C$DW$T$85, DW_AT_language(DW_LANG_C)
     781                    .dwattr $C$DW$T$85, DW_AT_byte_size(0x0c)
MSP430 Assembler Unix v4.4.3 Wed Mar 11 11:28:30 2015

Tools Copyright (c) 2003-2015 Texas Instruments Incorporated
debug.asm                                                            PAGE   16

     782            $C$DW$40        .dwtag  DW_TAG_subrange_type
     783                    .dwattr $C$DW$40, DW_AT_upper_bound(0x02)
     784                    .dwendtag $C$DW$T$85
     785            
     786            $C$DW$T$96      .dwtag  DW_TAG_pointer_type
     787                    .dwattr $C$DW$T$96, DW_AT_type(*$C$DW$T$6)
     788                    .dwattr $C$DW$T$96, DW_AT_address_class(0x14)
     789            $C$DW$T$97      .dwtag  DW_TAG_typedef, DW_AT_name("__builtin_va_list")
     790                    .dwattr $C$DW$T$97, DW_AT_type(*$C$DW$T$96)
     791                    .dwattr $C$DW$T$97, DW_AT_language(DW_LANG_C)
     792                    .dwattr $C$DW$T$97, DW_AT_decl_file("../debug.c")
     793                    .dwattr $C$DW$T$97, DW_AT_decl_line(0x2e)
     794                    .dwattr $C$DW$T$97, DW_AT_decl_column(0x01)
     795            
     796            $C$DW$T$98      .dwtag  DW_TAG_enumeration_type
     797                    .dwattr $C$DW$T$98, DW_AT_name("debug_cmd")
     798                    .dwattr $C$DW$T$98, DW_AT_byte_size(0x02)
     799            $C$DW$41        .dwtag  DW_TAG_enumerator, DW_AT_name("mdm_end_delay"), DW_AT_const_value(0x00)
     800                    .dwattr $C$DW$41, DW_AT_decl_file("/work/c1202-firmware/msp430-OTP/debug.h")
     801                    .dwattr $C$DW$41, DW_AT_decl_line(0x16)
     802                    .dwattr $C$DW$41, DW_AT_decl_column(0x05)
     803            $C$DW$42        .dwtag  DW_TAG_enumerator, DW_AT_name("empty"), DW_AT_const_value(0x01)
     804                    .dwattr $C$DW$42, DW_AT_decl_file("/work/c1202-firmware/msp430-OTP/debug.h")
     805                    .dwattr $C$DW$42, DW_AT_decl_line(0x17)
     806                    .dwattr $C$DW$42, DW_AT_decl_column(0x05)
     807            $C$DW$43        .dwtag  DW_TAG_enumerator, DW_AT_name("unknown"), DW_AT_const_value(0x02)
     808                    .dwattr $C$DW$43, DW_AT_decl_file("/work/c1202-firmware/msp430-OTP/debug.h")
     809                    .dwattr $C$DW$43, DW_AT_decl_line(0x18)
     810                    .dwattr $C$DW$43, DW_AT_decl_column(0x05)
     811                    .dwendtag $C$DW$T$98
     812            
     813                    .dwattr $C$DW$T$98, DW_AT_decl_file("/work/c1202-firmware/msp430-OTP/debug.h")
     814                    .dwattr $C$DW$T$98, DW_AT_decl_line(0x15)
     815                    .dwattr $C$DW$T$98, DW_AT_decl_column(0x06)
     816                    .dwattr $C$DW$CU, DW_AT_language(DW_LANG_C)
     817            
     818            ;***************************************************************
     819            ;* DWARF CIE ENTRIES                                           *
     820            ;***************************************************************
     821            
     822            $C$DW$CIE       .dwcie 16
     823                    .dwcfi  cfa_register, 1
     824                    .dwcfi  cfa_offset, 0
     825                    .dwcfi  same_value, 0
     826                    .dwcfi  same_value, 1
     827                    .dwcfi  undefined, 2
     828                    .dwcfi  same_value, 3
     829                    .dwcfi  same_value, 4
     830                    .dwcfi  same_value, 5
     831                    .dwcfi  same_value, 6
     832                    .dwcfi  same_value, 7
     833                    .dwcfi  same_value, 8
     834                    .dwcfi  same_value, 9
     835                    .dwcfi  same_value, 10
     836                    .dwcfi  undefined, 11
MSP430 Assembler Unix v4.4.3 Wed Mar 11 11:28:30 2015

Tools Copyright (c) 2003-2015 Texas Instruments Incorporated
debug.asm                                                            PAGE   17

     837                    .dwcfi  undefined, 12
     838                    .dwcfi  undefined, 13
     839                    .dwcfi  undefined, 14
     840                    .dwcfi  undefined, 15
     841                    .dwcfi  undefined, 16
     842                    .dwendentry
     843            
     844            ;***************************************************************
     845            ;* DWARF REGISTER MAP                                          *
     846            ;***************************************************************
     847            
     848            $C$DW$44        .dwtag  DW_TAG_TI_assign_register, DW_AT_name("PC")
     849                    .dwattr $C$DW$44, DW_AT_location[DW_OP_reg0]
     850            $C$DW$45        .dwtag  DW_TAG_TI_assign_register, DW_AT_name("SP")
     851                    .dwattr $C$DW$45, DW_AT_location[DW_OP_reg1]
     852            $C$DW$46        .dwtag  DW_TAG_TI_assign_register, DW_AT_name("SR")
     853                    .dwattr $C$DW$46, DW_AT_location[DW_OP_reg2]
     854            $C$DW$47        .dwtag  DW_TAG_TI_assign_register, DW_AT_name("CG")
     855                    .dwattr $C$DW$47, DW_AT_location[DW_OP_reg3]
     856            $C$DW$48        .dwtag  DW_TAG_TI_assign_register, DW_AT_name("r4")
     857                    .dwattr $C$DW$48, DW_AT_location[DW_OP_reg4]
     858            $C$DW$49        .dwtag  DW_TAG_TI_assign_register, DW_AT_name("r5")
     859                    .dwattr $C$DW$49, DW_AT_location[DW_OP_reg5]
     860            $C$DW$50        .dwtag  DW_TAG_TI_assign_register, DW_AT_name("r6")
     861                    .dwattr $C$DW$50, DW_AT_location[DW_OP_reg6]
     862            $C$DW$51        .dwtag  DW_TAG_TI_assign_register, DW_AT_name("r7")
     863                    .dwattr $C$DW$51, DW_AT_location[DW_OP_reg7]
     864            $C$DW$52        .dwtag  DW_TAG_TI_assign_register, DW_AT_name("r8")
     865                    .dwattr $C$DW$52, DW_AT_location[DW_OP_reg8]
     866            $C$DW$53        .dwtag  DW_TAG_TI_assign_register, DW_AT_name("r9")
     867                    .dwattr $C$DW$53, DW_AT_location[DW_OP_reg9]
     868            $C$DW$54        .dwtag  DW_TAG_TI_assign_register, DW_AT_name("r10")
     869                    .dwattr $C$DW$54, DW_AT_location[DW_OP_reg10]
     870            $C$DW$55        .dwtag  DW_TAG_TI_assign_register, DW_AT_name("r11")
     871                    .dwattr $C$DW$55, DW_AT_location[DW_OP_reg11]
     872            $C$DW$56        .dwtag  DW_TAG_TI_assign_register, DW_AT_name("r12")
     873                    .dwattr $C$DW$56, DW_AT_location[DW_OP_reg12]
     874            $C$DW$57        .dwtag  DW_TAG_TI_assign_register, DW_AT_name("r13")
     875                    .dwattr $C$DW$57, DW_AT_location[DW_OP_reg13]
     876            $C$DW$58        .dwtag  DW_TAG_TI_assign_register, DW_AT_name("r14")
     877                    .dwattr $C$DW$58, DW_AT_location[DW_OP_reg14]
     878            $C$DW$59        .dwtag  DW_TAG_TI_assign_register, DW_AT_name("r15")
     879                    .dwattr $C$DW$59, DW_AT_location[DW_OP_reg15]
     880            $C$DW$60        .dwtag  DW_TAG_TI_assign_register, DW_AT_name("CIE_RETA")
     881                    .dwattr $C$DW$60, DW_AT_location[DW_OP_reg16]
     882                    .dwendtag $C$DW$CU
     883            

No Assembly Errors, No Assembly Warnings
